<?xml version="1.0" encoding="UTF-8"?>
<testng-results skipped="0" failed="0" ignored="0" total="2" passed="2">
  <reporter-output>
  </reporter-output>
  <suite name="Default suite" duration-ms="56706" started-at="2019-07-04T14:37:37Z" finished-at="2019-07-04T14:38:34Z">
    <groups>
    </groups>
    <test name="Default test" duration-ms="56706" started-at="2019-07-04T14:37:37Z" finished-at="2019-07-04T14:38:34Z">
      <class name="basics">
        <test-method status="PASS" signature="Start()[pri:0, instance:basics@dc24521]" name="Start" is-config="true" duration-ms="10023" started-at="2019-07-04T14:37:27Z" finished-at="2019-07-04T14:37:37Z">
          <reporter-output>
          </reporter-output>
        </test-method> <!-- Start -->
        <test-method status="PASS" signature="Test()[pri:0, instance:basics@dc24521]" name="Test" duration-ms="32827" started-at="2019-07-04T14:37:37Z" finished-at="2019-07-04T14:38:10Z">
          <reporter-output>
          </reporter-output>
        </test-method> <!-- Test -->
        <test-method status="PASS" signature="Testtwo()[pri:0, instance:basics@dc24521]" name="Testtwo" duration-ms="23833" started-at="2019-07-04T14:38:10Z" finished-at="2019-07-04T14:38:34Z">
          <reporter-output>
          </reporter-output>
        </test-method> <!-- Testtwo -->
        <test-method status="PASS" signature="Stop()[pri:0, instance:basics@dc24521]" name="Stop" is-config="true" duration-ms="12" started-at="2019-07-04T14:38:34Z" finished-at="2019-07-04T14:38:34Z">
          <reporter-output>
          </reporter-output>
        </test-method> <!-- Stop -->
      </class> <!-- basics -->
    </test> <!-- Default test -->
  </suite> <!-- Default suite -->
</testng-results>
